********************************************************************************
* Unified simulation Tcl App stack trace dump
*
* File: .usf.tcl_error.log (Sun May 12 12:47:41 2024)
*
* This file is generated by the unified simulation automation and contains the
* tcl stack trace of error returned by the simulator App for the current run.
*
********************************************************************************
ERROR: [Common 17-70] Application Exception: getAndUpdateDefaultGUIDesignGraph: nullptr supplied!

    while executing
"get_files -compile_order sources -used_in synthesis_post -of_objects [get_filesets $a_sim_vars(s_simset)]"
    (procedure "usf_get_files_for_compilation_post_sim" line 102)
    invoked from within
"usf_get_files_for_compilation_post_sim $global_files_str"
    (procedure "usf_get_files_for_compilation" line 17)
    invoked from within
"usf_get_files_for_compilation global_files_str"
    (procedure "usf_xsim_setup_simulation" line 118)
    invoked from within
"usf_xsim_setup_simulation"
    (procedure "tclapp::xilinx::xsim::setup" line 24)
    invoked from within
"tclapp::xilinx::xsim::setup { -simset sim_1 -mode post-synthesis -type timing -run_dir C:/Users/ulass/moisture_check/moisture_check.sim/sim_1/synth/ti..."
